<?xml version="1.0" encoding="UTF-8"?>
<!-- Generated by org.testng.reporters.JUnitReportReporter -->
<testsuite hostname="DESKTOP-9PUA9QM" failures="0" tests="1" name="testScript.LogIn" time="6.249" errors="0" timestamp="2025-05-15T10:27:22 IST" skipped="0">
  <testcase classname="testScript.LogIn" name="logInTest" time="6.249"/>
</testsuite> <!-- testScript.LogIn -->
