<?xml version="1.0" encoding="UTF-8"?>
<!-- Generated by org.testng.reporters.JUnitReportReporter -->
<testsuite hostname="DESKTOP-9PUA9QM" failures="0" tests="1" name="testScript.AdminUserTest" time="8.405" errors="0" timestamp="2025-05-26T20:32:39 IST" skipped="0">
  <testcase classname="testScript.AdminUserTest" name="adminUserTest" time="8.405"/>
</testsuite> <!-- testScript.AdminUserTest -->
