<?xml version="1.0" encoding="UTF-8"?>
<!-- Generated by org.testng.reporters.JUnitReportReporter -->
<testsuite hostname="DESKTOP-9PUA9QM" failures="0" tests="1" name="testScript.ManageNewsTest" time="14.451" errors="0" timestamp="2025-05-26T15:19:35 IST" skipped="0">
  <testcase classname="testScript.ManageNewsTest" name="mangeNewsTest" time="14.451"/>
</testsuite> <!-- testScript.ManageNewsTest -->
